Determining if the pthread_create exist failed with the following output:
Change Dir: /home/raven/xiao_wksp/raven_2/build/CMakeFiles/CMakeTmp

Run Build Command:/usr/bin/make "cmTryCompileExec2531101654/fast"
make[1]: Entering directory `/home/raven/xiao_wksp/raven_2/build/CMakeFiles/CMakeTmp'
/usr/bin/make -f CMakeFiles/cmTryCompileExec2531101654.dir/build.make CMakeFiles/cmTryCompileExec2531101654.dir/build
make[2]: Entering directory `/home/raven/xiao_wksp/raven_2/build/CMakeFiles/CMakeTmp'
/usr/bin/cmake -E cmake_progress_report /home/raven/xiao_wksp/raven_2/build/CMakeFiles/CMakeTmp/CMakeFiles 1
Building C object CMakeFiles/cmTryCompileExec2531101654.dir/CheckSymbolExists.c.o
/usr/bin/cc    -o CMakeFiles/cmTryCompileExec2531101654.dir/CheckSymbolExists.c.o   -c /home/raven/xiao_wksp/raven_2/build/CMakeFiles/CMakeTmp/CheckSymbolExists.c
Linking C executable cmTryCompileExec2531101654
/usr/bin/cmake -E cmake_link_script CMakeFiles/cmTryCompileExec2531101654.dir/link.txt --verbose=1
/usr/bin/cc       CMakeFiles/cmTryCompileExec2531101654.dir/CheckSymbolExists.c.o  -o cmTryCompileExec2531101654 -rdynamic 
CMakeFiles/cmTryCompileExec2531101654.dir/CheckSymbolExists.c.o: In function `main':
CheckSymbolExists.c:(.text+0x16): undefined reference to `pthread_create'
collect2: error: ld returned 1 exit status
make[2]: *** [cmTryCompileExec2531101654] Error 1
make[2]: Leaving directory `/home/raven/xiao_wksp/raven_2/build/CMakeFiles/CMakeTmp'
make[1]: *** [cmTryCompileExec2531101654/fast] Error 2
make[1]: Leaving directory `/home/raven/xiao_wksp/raven_2/build/CMakeFiles/CMakeTmp'

File /home/raven/xiao_wksp/raven_2/build/CMakeFiles/CMakeTmp/CheckSymbolExists.c:
/* */
#include <pthread.h>

int main(int argc, char** argv)
{
  (void)argv;
#ifndef pthread_create
  return ((int*)(&pthread_create))[argc];
#else
  (void)argc;
  return 0;
#endif
}

Determining if the function pthread_create exists in the pthreads failed with the following output:
Change Dir: /home/raven/xiao_wksp/raven_2/build/CMakeFiles/CMakeTmp

Run Build Command:/usr/bin/make "cmTryCompileExec50579389/fast"
make[1]: Entering directory `/home/raven/xiao_wksp/raven_2/build/CMakeFiles/CMakeTmp'
/usr/bin/make -f CMakeFiles/cmTryCompileExec50579389.dir/build.make CMakeFiles/cmTryCompileExec50579389.dir/build
make[2]: Entering directory `/home/raven/xiao_wksp/raven_2/build/CMakeFiles/CMakeTmp'
/usr/bin/cmake -E cmake_progress_report /home/raven/xiao_wksp/raven_2/build/CMakeFiles/CMakeTmp/CMakeFiles 1
Building C object CMakeFiles/cmTryCompileExec50579389.dir/CheckFunctionExists.c.o
/usr/bin/cc   -DCHECK_FUNCTION_EXISTS=pthread_create   -o CMakeFiles/cmTryCompileExec50579389.dir/CheckFunctionExists.c.o   -c /usr/share/cmake-2.8/Modules/CheckFunctionExists.c
Linking C executable cmTryCompileExec50579389
/usr/bin/cmake -E cmake_link_script CMakeFiles/cmTryCompileExec50579389.dir/link.txt --verbose=1
/usr/bin/cc   -DCHECK_FUNCTION_EXISTS=pthread_create    CMakeFiles/cmTryCompileExec50579389.dir/CheckFunctionExists.c.o  -o cmTryCompileExec50579389 -rdynamic -lpthreads 
/usr/bin/ld: cannot find -lpthreads
collect2: error: ld returned 1 exit status
make[2]: *** [cmTryCompileExec50579389] Error 1
make[2]: Leaving directory `/home/raven/xiao_wksp/raven_2/build/CMakeFiles/CMakeTmp'
make[1]: *** [cmTryCompileExec50579389/fast] Error 2
make[1]: Leaving directory `/home/raven/xiao_wksp/raven_2/build/CMakeFiles/CMakeTmp'


